[0.023s] Invoking command in '/home/ruben/ros/amp_rob_ws/src/uma_arm_control/build/uma_arm_control': CMAKE_PREFIX_PATH=${CMAKE_PREFIX_PATH}:/opt/ros/humble /usr/bin/cmake --build /home/ruben/ros/amp_rob_ws/src/uma_arm_control/build/uma_arm_control -- -j12 -l12
[0.140s] [100%] Built target uma_arm_dynamics
[0.167s] Invoked command in '/home/ruben/ros/amp_rob_ws/src/uma_arm_control/build/uma_arm_control' returned '0': CMAKE_PREFIX_PATH=${CMAKE_PREFIX_PATH}:/opt/ros/humble /usr/bin/cmake --build /home/ruben/ros/amp_rob_ws/src/uma_arm_control/build/uma_arm_control -- -j12 -l12
[0.186s] Invoking command in '/home/ruben/ros/amp_rob_ws/src/uma_arm_control/build/uma_arm_control': CMAKE_PREFIX_PATH=${CMAKE_PREFIX_PATH}:/opt/ros/humble /usr/bin/cmake --install /home/ruben/ros/amp_rob_ws/src/uma_arm_control/build/uma_arm_control
[0.203s] -- Install configuration: ""
[0.204s] -- Execute custom install script
[0.204s] -- Up-to-date symlink: /home/ruben/ros/amp_rob_ws/src/uma_arm_control/install/uma_arm_control/lib/uma_arm_control/uma_arm_dynamics
[0.204s] -- Up-to-date symlink: /home/ruben/ros/amp_rob_ws/src/uma_arm_control/install/uma_arm_control/share/uma_arm_control//launch/uma_arm_dynamics_launch.py
[0.205s] -- Up-to-date symlink: /home/ruben/ros/amp_rob_ws/src/uma_arm_control/install/uma_arm_control/share/uma_arm_control//config/dynamics_params.yaml
[0.205s] -- Up-to-date symlink: /home/ruben/ros/amp_rob_ws/src/uma_arm_control/install/uma_arm_control/share/uma_arm_control//config/impedance_params.yaml
[0.205s] -- Up-to-date symlink: /home/ruben/ros/amp_rob_ws/src/uma_arm_control/install/uma_arm_control/share/ament_index/resource_index/package_run_dependencies/uma_arm_control
[0.206s] -- Up-to-date symlink: /home/ruben/ros/amp_rob_ws/src/uma_arm_control/install/uma_arm_control/share/ament_index/resource_index/parent_prefix_path/uma_arm_control
[0.206s] -- Up-to-date symlink: /home/ruben/ros/amp_rob_ws/src/uma_arm_control/install/uma_arm_control/share/uma_arm_control/environment/ament_prefix_path.sh
[0.207s] -- Up-to-date symlink: /home/ruben/ros/amp_rob_ws/src/uma_arm_control/install/uma_arm_control/share/uma_arm_control/environment/ament_prefix_path.dsv
[0.208s] -- Up-to-date symlink: /home/ruben/ros/amp_rob_ws/src/uma_arm_control/install/uma_arm_control/share/uma_arm_control/environment/path.sh
[0.208s] -- Up-to-date symlink: /home/ruben/ros/amp_rob_ws/src/uma_arm_control/install/uma_arm_control/share/uma_arm_control/environment/path.dsv
[0.209s] -- Up-to-date symlink: /home/ruben/ros/amp_rob_ws/src/uma_arm_control/install/uma_arm_control/share/uma_arm_control/local_setup.bash
[0.209s] -- Up-to-date symlink: /home/ruben/ros/amp_rob_ws/src/uma_arm_control/install/uma_arm_control/share/uma_arm_control/local_setup.sh
[0.210s] -- Up-to-date symlink: /home/ruben/ros/amp_rob_ws/src/uma_arm_control/install/uma_arm_control/share/uma_arm_control/local_setup.zsh
[0.210s] -- Up-to-date symlink: /home/ruben/ros/amp_rob_ws/src/uma_arm_control/install/uma_arm_control/share/uma_arm_control/local_setup.dsv
[0.210s] -- Symlinking: /home/ruben/ros/amp_rob_ws/src/uma_arm_control/install/uma_arm_control/share/uma_arm_control/package.dsv
[0.228s] -- Up-to-date symlink: /home/ruben/ros/amp_rob_ws/src/uma_arm_control/install/uma_arm_control/share/ament_index/resource_index/packages/uma_arm_control
[0.229s] -- Up-to-date symlink: /home/ruben/ros/amp_rob_ws/src/uma_arm_control/install/uma_arm_control/share/uma_arm_control/cmake/uma_arm_controlConfig.cmake
[0.229s] -- Up-to-date symlink: /home/ruben/ros/amp_rob_ws/src/uma_arm_control/install/uma_arm_control/share/uma_arm_control/cmake/uma_arm_controlConfig-version.cmake
[0.230s] -- Up-to-date symlink: /home/ruben/ros/amp_rob_ws/src/uma_arm_control/install/uma_arm_control/share/uma_arm_control/package.xml
[0.238s] Invoked command in '/home/ruben/ros/amp_rob_ws/src/uma_arm_control/build/uma_arm_control' returned '0': CMAKE_PREFIX_PATH=${CMAKE_PREFIX_PATH}:/opt/ros/humble /usr/bin/cmake --install /home/ruben/ros/amp_rob_ws/src/uma_arm_control/build/uma_arm_control
