[0.028s] Invoking command in '/home/ruben/ros/amp_rob_ws/src/uma_arm_control/build/uma_arm_control': CMAKE_PREFIX_PATH=${CMAKE_PREFIX_PATH}:/opt/ros/humble /usr/bin/cmake --build /home/ruben/ros/amp_rob_ws/src/uma_arm_control/build/uma_arm_control -- -j12 -l12
[0.138s] [100%] Built target uma_arm_dynamics
[0.161s] Invoked command in '/home/ruben/ros/amp_rob_ws/src/uma_arm_control/build/uma_arm_control' returned '0': CMAKE_PREFIX_PATH=${CMAKE_PREFIX_PATH}:/opt/ros/humble /usr/bin/cmake --build /home/ruben/ros/amp_rob_ws/src/uma_arm_control/build/uma_arm_control -- -j12 -l12
[0.184s] Invoking command in '/home/ruben/ros/amp_rob_ws/src/uma_arm_control/build/uma_arm_control': CMAKE_PREFIX_PATH=${CMAKE_PREFIX_PATH}:/opt/ros/humble /usr/bin/cmake --install /home/ruben/ros/amp_rob_ws/src/uma_arm_control/build/uma_arm_control
[0.194s] -- Install configuration: ""
[0.195s] -- Execute custom install script
[0.196s] -- Up-to-date symlink: /home/ruben/ros/amp_rob_ws/src/uma_arm_control/install/uma_arm_control/lib/uma_arm_control/uma_arm_dynamics
[0.197s] -- Up-to-date symlink: /home/ruben/ros/amp_rob_ws/src/uma_arm_control/install/uma_arm_control/share/uma_arm_control//launch/uma_arm_dynamics_launch.py
[0.197s] -- Up-to-date symlink: /home/ruben/ros/amp_rob_ws/src/uma_arm_control/install/uma_arm_control/share/uma_arm_control//config/dynamics_params.yaml
[0.198s] -- Up-to-date symlink: /home/ruben/ros/amp_rob_ws/src/uma_arm_control/install/uma_arm_control/share/uma_arm_control//config/impedance_params.yaml
[0.198s] -- Up-to-date symlink: /home/ruben/ros/amp_rob_ws/src/uma_arm_control/install/uma_arm_control/share/ament_index/resource_index/package_run_dependencies/uma_arm_control
[0.198s] -- Up-to-date symlink: /home/ruben/ros/amp_rob_ws/src/uma_arm_control/install/uma_arm_control/share/ament_index/resource_index/parent_prefix_path/uma_arm_control
[0.198s] -- Up-to-date symlink: /home/ruben/ros/amp_rob_ws/src/uma_arm_control/install/uma_arm_control/share/uma_arm_control/environment/ament_prefix_path.sh
[0.198s] -- Up-to-date symlink: /home/ruben/ros/amp_rob_ws/src/uma_arm_control/install/uma_arm_control/share/uma_arm_control/environment/ament_prefix_path.dsv
[0.199s] -- Up-to-date symlink: /home/ruben/ros/amp_rob_ws/src/uma_arm_control/install/uma_arm_control/share/uma_arm_control/environment/path.sh
[0.199s] -- Up-to-date symlink: /home/ruben/ros/amp_rob_ws/src/uma_arm_control/install/uma_arm_control/share/uma_arm_control/environment/path.dsv
[0.199s] -- Up-to-date symlink: /home/ruben/ros/amp_rob_ws/src/uma_arm_control/install/uma_arm_control/share/uma_arm_control/local_setup.bash
[0.200s] -- Up-to-date symlink: /home/ruben/ros/amp_rob_ws/src/uma_arm_control/install/uma_arm_control/share/uma_arm_control/local_setup.sh
[0.200s] -- Up-to-date symlink: /home/ruben/ros/amp_rob_ws/src/uma_arm_control/install/uma_arm_control/share/uma_arm_control/local_setup.zsh
[0.201s] -- Up-to-date symlink: /home/ruben/ros/amp_rob_ws/src/uma_arm_control/install/uma_arm_control/share/uma_arm_control/local_setup.dsv
[0.201s] -- Symlinking: /home/ruben/ros/amp_rob_ws/src/uma_arm_control/install/uma_arm_control/share/uma_arm_control/package.dsv
[0.220s] -- Up-to-date symlink: /home/ruben/ros/amp_rob_ws/src/uma_arm_control/install/uma_arm_control/share/ament_index/resource_index/packages/uma_arm_control
[0.221s] -- Up-to-date symlink: /home/ruben/ros/amp_rob_ws/src/uma_arm_control/install/uma_arm_control/share/uma_arm_control/cmake/uma_arm_controlConfig.cmake
[0.221s] -- Up-to-date symlink: /home/ruben/ros/amp_rob_ws/src/uma_arm_control/install/uma_arm_control/share/uma_arm_control/cmake/uma_arm_controlConfig-version.cmake
[0.221s] -- Up-to-date symlink: /home/ruben/ros/amp_rob_ws/src/uma_arm_control/install/uma_arm_control/share/uma_arm_control/package.xml
[0.225s] Invoked command in '/home/ruben/ros/amp_rob_ws/src/uma_arm_control/build/uma_arm_control' returned '0': CMAKE_PREFIX_PATH=${CMAKE_PREFIX_PATH}:/opt/ros/humble /usr/bin/cmake --install /home/ruben/ros/amp_rob_ws/src/uma_arm_control/build/uma_arm_control
