[0.043s] Invoking command in '/home/ruben/ros/amp_rob_ws/src/uma_arm_control/build/uma_arm_control': CMAKE_PREFIX_PATH=${CMAKE_PREFIX_PATH}:/opt/ros/humble /usr/bin/cmake --build /home/ruben/ros/amp_rob_ws/src/uma_arm_control/build/uma_arm_control -- -j12 -l12
[0.186s] [35m[1mConsolidate compiler generated dependencies of target uma_arm_dynamics[0m
[0.243s] [100%] Built target uma_arm_dynamics
[0.271s] Invoked command in '/home/ruben/ros/amp_rob_ws/src/uma_arm_control/build/uma_arm_control' returned '0': CMAKE_PREFIX_PATH=${CMAKE_PREFIX_PATH}:/opt/ros/humble /usr/bin/cmake --build /home/ruben/ros/amp_rob_ws/src/uma_arm_control/build/uma_arm_control -- -j12 -l12
[0.294s] Invoking command in '/home/ruben/ros/amp_rob_ws/src/uma_arm_control/build/uma_arm_control': CMAKE_PREFIX_PATH=${CMAKE_PREFIX_PATH}:/opt/ros/humble /usr/bin/cmake --install /home/ruben/ros/amp_rob_ws/src/uma_arm_control/build/uma_arm_control
[0.314s] -- Install configuration: ""
[0.318s] -- Execute custom install script
[0.320s] -- Up-to-date symlink: /home/ruben/ros/amp_rob_ws/src/uma_arm_control/install/uma_arm_control/lib/uma_arm_control/uma_arm_dynamics
[0.322s] -- Up-to-date symlink: /home/ruben/ros/amp_rob_ws/src/uma_arm_control/install/uma_arm_control/share/uma_arm_control//launch/uma_arm_dynamics_launch.py
[0.322s] -- Up-to-date symlink: /home/ruben/ros/amp_rob_ws/src/uma_arm_control/install/uma_arm_control/share/uma_arm_control//config/dynamics_params.yaml
[0.323s] -- Up-to-date symlink: /home/ruben/ros/amp_rob_ws/src/uma_arm_control/install/uma_arm_control/share/uma_arm_control//config/impedance_params.yaml
[0.324s] -- Up-to-date symlink: /home/ruben/ros/amp_rob_ws/src/uma_arm_control/install/uma_arm_control/share/ament_index/resource_index/package_run_dependencies/uma_arm_control
[0.325s] -- Up-to-date symlink: /home/ruben/ros/amp_rob_ws/src/uma_arm_control/install/uma_arm_control/share/ament_index/resource_index/parent_prefix_path/uma_arm_control
[0.325s] -- Up-to-date symlink: /home/ruben/ros/amp_rob_ws/src/uma_arm_control/install/uma_arm_control/share/uma_arm_control/environment/ament_prefix_path.sh
[0.326s] -- Up-to-date symlink: /home/ruben/ros/amp_rob_ws/src/uma_arm_control/install/uma_arm_control/share/uma_arm_control/environment/ament_prefix_path.dsv
[0.329s] -- Up-to-date symlink: /home/ruben/ros/amp_rob_ws/src/uma_arm_control/install/uma_arm_control/share/uma_arm_control/environment/path.sh
[0.330s] -- Up-to-date symlink: /home/ruben/ros/amp_rob_ws/src/uma_arm_control/install/uma_arm_control/share/uma_arm_control/environment/path.dsv
[0.330s] -- Up-to-date symlink: /home/ruben/ros/amp_rob_ws/src/uma_arm_control/install/uma_arm_control/share/uma_arm_control/local_setup.bash
[0.332s] -- Up-to-date symlink: /home/ruben/ros/amp_rob_ws/src/uma_arm_control/install/uma_arm_control/share/uma_arm_control/local_setup.sh
[0.333s] -- Up-to-date symlink: /home/ruben/ros/amp_rob_ws/src/uma_arm_control/install/uma_arm_control/share/uma_arm_control/local_setup.zsh
[0.334s] -- Up-to-date symlink: /home/ruben/ros/amp_rob_ws/src/uma_arm_control/install/uma_arm_control/share/uma_arm_control/local_setup.dsv
[0.335s] -- Symlinking: /home/ruben/ros/amp_rob_ws/src/uma_arm_control/install/uma_arm_control/share/uma_arm_control/package.dsv
[0.357s] -- Up-to-date symlink: /home/ruben/ros/amp_rob_ws/src/uma_arm_control/install/uma_arm_control/share/ament_index/resource_index/packages/uma_arm_control
[0.358s] -- Up-to-date symlink: /home/ruben/ros/amp_rob_ws/src/uma_arm_control/install/uma_arm_control/share/uma_arm_control/cmake/uma_arm_controlConfig.cmake
[0.359s] -- Up-to-date symlink: /home/ruben/ros/amp_rob_ws/src/uma_arm_control/install/uma_arm_control/share/uma_arm_control/cmake/uma_arm_controlConfig-version.cmake
[0.359s] -- Up-to-date symlink: /home/ruben/ros/amp_rob_ws/src/uma_arm_control/install/uma_arm_control/share/uma_arm_control/package.xml
[0.365s] Invoked command in '/home/ruben/ros/amp_rob_ws/src/uma_arm_control/build/uma_arm_control' returned '0': CMAKE_PREFIX_PATH=${CMAKE_PREFIX_PATH}:/opt/ros/humble /usr/bin/cmake --install /home/ruben/ros/amp_rob_ws/src/uma_arm_control/build/uma_arm_control
