[0.243s] DEBUG:colcon:Command line arguments: ['/usr/bin/colcon', 'build', '--symlink-install']
[0.244s] DEBUG:colcon:Parsed command line arguments: Namespace(log_base=None, log_level=None, verb_name='build', build_base='build', install_base='install', merge_install=False, symlink_install=True, test_result_base=None, continue_on_error=False, executor='parallel', parallel_workers=12, event_handlers=None, ignore_user_meta=False, metas=['./colcon.meta'], base_paths=['.'], packages_ignore=None, packages_ignore_regex=None, paths=None, packages_up_to=None, packages_up_to_regex=None, packages_above=None, packages_above_and_dependencies=None, packages_above_depth=None, packages_select_by_dep=None, packages_skip_by_dep=None, packages_skip_up_to=None, packages_select_build_failed=False, packages_skip_build_finished=False, packages_select_test_failures=False, packages_skip_test_passed=False, packages_select=None, packages_skip=None, packages_select_regex=None, packages_skip_regex=None, packages_start=None, packages_end=None, allow_overriding=[], cmake_args=None, cmake_target=None, cmake_target_skip_unavailable=False, cmake_clean_cache=False, cmake_clean_first=False, cmake_force_configure=False, ament_cmake_args=None, catkin_cmake_args=None, catkin_skip_building_tests=False, mixin_files=None, mixin=None, verb_parser=<colcon_mixin.mixin.mixin_argument.MixinArgumentDecorator object at 0x72c285b4dab0>, verb_extension=<colcon_core.verb.build.BuildVerb object at 0x72c285c5aa70>, main=<bound method BuildVerb.main of <colcon_core.verb.build.BuildVerb object at 0x72c285c5aa70>>, mixin_verb=('build',))
[0.451s] Level 1:colcon.colcon_core.package_discovery:discover_packages(colcon_meta) check parameters
[0.451s] Level 1:colcon.colcon_core.package_discovery:discover_packages(recursive) check parameters
[0.452s] Level 1:colcon.colcon_core.package_discovery:discover_packages(ignore) check parameters
[0.452s] Level 1:colcon.colcon_core.package_discovery:discover_packages(path) check parameters
[0.452s] Level 1:colcon.colcon_core.package_discovery:discover_packages(colcon_meta) discover
[0.452s] Level 1:colcon.colcon_core.package_discovery:discover_packages(recursive) discover
[0.452s] INFO:colcon.colcon_core.package_discovery:Crawling recursively for packages in '/home/ruben/ros/amp_rob_ws/src/uma_arm_control'
[0.452s] Level 1:colcon.colcon_core.package_identification:_identify(.) by extensions ['ignore', 'ignore_ament_install']
[0.452s] Level 1:colcon.colcon_core.package_identification:_identify(.) by extension 'ignore'
[0.452s] Level 1:colcon.colcon_core.package_identification:_identify(.) by extension 'ignore_ament_install'
[0.452s] Level 1:colcon.colcon_core.package_identification:_identify(.) by extensions ['colcon_pkg']
[0.452s] Level 1:colcon.colcon_core.package_identification:_identify(.) by extension 'colcon_pkg'
[0.452s] Level 1:colcon.colcon_core.package_identification:_identify(.) by extensions ['colcon_meta']
[0.453s] Level 1:colcon.colcon_core.package_identification:_identify(.) by extension 'colcon_meta'
[0.453s] Level 1:colcon.colcon_core.package_identification:_identify(.) by extensions ['ros']
[0.453s] Level 1:colcon.colcon_core.package_identification:_identify(.) by extension 'ros'
[0.472s] DEBUG:colcon.colcon_core.package_identification:Package '.' with type 'ros.ament_cmake' and name 'uma_arm_control'
[0.472s] Level 1:colcon.colcon_core.package_discovery:discover_packages(recursive) using defaults
[0.472s] Level 1:colcon.colcon_core.package_discovery:discover_packages(ignore) discover
[0.472s] Level 1:colcon.colcon_core.package_discovery:discover_packages(ignore) using defaults
[0.472s] Level 1:colcon.colcon_core.package_discovery:discover_packages(path) discover
[0.472s] Level 1:colcon.colcon_core.package_discovery:discover_packages(path) using defaults
[0.530s] Level 1:colcon.colcon_core.package_discovery:discover_packages(prefix_path) check parameters
[0.530s] Level 1:colcon.colcon_core.package_discovery:discover_packages(prefix_path) discover
[0.532s] DEBUG:colcon.colcon_installed_package_information.package_discovery:Found 4 installed packages in /home/ruben/ros/amp_rob_ws/src/install
[0.533s] DEBUG:colcon.colcon_installed_package_information.package_discovery:Found 1 installed packages in /home/ruben/ros/amp_rob_ws/install
[0.534s] DEBUG:colcon.colcon_installed_package_information.package_discovery:Found 333 installed packages in /opt/ros/humble
[0.536s] Level 1:colcon.colcon_core.package_discovery:discover_packages(prefix_path) using defaults
[0.589s] Level 5:colcon.colcon_core.verb:set package 'uma_arm_control' build argument 'cmake_args' from command line to 'None'
[0.589s] Level 5:colcon.colcon_core.verb:set package 'uma_arm_control' build argument 'cmake_target' from command line to 'None'
[0.589s] Level 5:colcon.colcon_core.verb:set package 'uma_arm_control' build argument 'cmake_target_skip_unavailable' from command line to 'False'
[0.589s] Level 5:colcon.colcon_core.verb:set package 'uma_arm_control' build argument 'cmake_clean_cache' from command line to 'False'
[0.589s] Level 5:colcon.colcon_core.verb:set package 'uma_arm_control' build argument 'cmake_clean_first' from command line to 'False'
[0.589s] Level 5:colcon.colcon_core.verb:set package 'uma_arm_control' build argument 'cmake_force_configure' from command line to 'False'
[0.589s] Level 5:colcon.colcon_core.verb:set package 'uma_arm_control' build argument 'ament_cmake_args' from command line to 'None'
[0.589s] Level 5:colcon.colcon_core.verb:set package 'uma_arm_control' build argument 'catkin_cmake_args' from command line to 'None'
[0.589s] Level 5:colcon.colcon_core.verb:set package 'uma_arm_control' build argument 'catkin_skip_building_tests' from command line to 'False'
[0.589s] DEBUG:colcon.colcon_core.verb:Building package 'uma_arm_control' with the following arguments: {'ament_cmake_args': None, 'build_base': '/home/ruben/ros/amp_rob_ws/src/uma_arm_control/build/uma_arm_control', 'catkin_cmake_args': None, 'catkin_skip_building_tests': False, 'cmake_args': None, 'cmake_clean_cache': False, 'cmake_clean_first': False, 'cmake_force_configure': False, 'cmake_target': None, 'cmake_target_skip_unavailable': False, 'install_base': '/home/ruben/ros/amp_rob_ws/src/uma_arm_control/install/uma_arm_control', 'merge_install': False, 'path': '/home/ruben/ros/amp_rob_ws/src/uma_arm_control', 'symlink_install': True, 'test_result_base': None}
[0.590s] INFO:colcon.colcon_core.executor:Executing jobs using 'parallel' executor
[0.591s] DEBUG:colcon.colcon_parallel_executor.executor.parallel:run_until_complete
[0.592s] INFO:colcon.colcon_ros.task.ament_cmake.build:Building ROS package in '/home/ruben/ros/amp_rob_ws/src/uma_arm_control' with build type 'ament_cmake'
[0.592s] INFO:colcon.colcon_cmake.task.cmake.build:Building CMake package in '/home/ruben/ros/amp_rob_ws/src/uma_arm_control'
[0.596s] INFO:colcon.colcon_core.plugin_system:Skipping extension 'colcon_core.shell.bat': Not used on non-Windows systems
[0.596s] INFO:colcon.colcon_core.shell:Skip shell extension 'powershell' for command environment: Not usable outside of PowerShell
[0.596s] DEBUG:colcon.colcon_core.shell:Skip shell extension 'dsv' for command environment
[0.621s] DEBUG:colcon.colcon_core.event_handler.log_command:Invoking command in '/home/ruben/ros/amp_rob_ws/src/uma_arm_control/build/uma_arm_control': CMAKE_PREFIX_PATH=${CMAKE_PREFIX_PATH}:/opt/ros/humble /usr/bin/cmake --build /home/ruben/ros/amp_rob_ws/src/uma_arm_control/build/uma_arm_control -- -j12 -l12
[0.746s] DEBUG:colcon.colcon_core.event_handler.log_command:Invoked command in '/home/ruben/ros/amp_rob_ws/src/uma_arm_control/build/uma_arm_control' returned '0': CMAKE_PREFIX_PATH=${CMAKE_PREFIX_PATH}:/opt/ros/humble /usr/bin/cmake --build /home/ruben/ros/amp_rob_ws/src/uma_arm_control/build/uma_arm_control -- -j12 -l12
[0.769s] DEBUG:colcon.colcon_core.event_handler.log_command:Invoking command in '/home/ruben/ros/amp_rob_ws/src/uma_arm_control/build/uma_arm_control': CMAKE_PREFIX_PATH=${CMAKE_PREFIX_PATH}:/opt/ros/humble /usr/bin/cmake --install /home/ruben/ros/amp_rob_ws/src/uma_arm_control/build/uma_arm_control
[0.810s] Level 1:colcon.colcon_core.environment:create_environment_scripts_only(uma_arm_control)
[0.811s] DEBUG:colcon.colcon_core.event_handler.log_command:Invoked command in '/home/ruben/ros/amp_rob_ws/src/uma_arm_control/build/uma_arm_control' returned '0': CMAKE_PREFIX_PATH=${CMAKE_PREFIX_PATH}:/opt/ros/humble /usr/bin/cmake --install /home/ruben/ros/amp_rob_ws/src/uma_arm_control/build/uma_arm_control
[0.815s] Level 1:colcon.colcon_core.environment:checking '/home/ruben/ros/amp_rob_ws/src/uma_arm_control/install/uma_arm_control' for CMake module files
[0.816s] Level 1:colcon.colcon_core.environment:checking '/home/ruben/ros/amp_rob_ws/src/uma_arm_control/install/uma_arm_control' for CMake config files
[0.816s] Level 1:colcon.colcon_core.shell:create_environment_hook('uma_arm_control', 'cmake_prefix_path')
[0.817s] INFO:colcon.colcon_core.shell:Creating environment hook '/home/ruben/ros/amp_rob_ws/src/uma_arm_control/install/uma_arm_control/share/uma_arm_control/hook/cmake_prefix_path.ps1'
[0.818s] INFO:colcon.colcon_core.shell:Creating environment descriptor '/home/ruben/ros/amp_rob_ws/src/uma_arm_control/install/uma_arm_control/share/uma_arm_control/hook/cmake_prefix_path.dsv'
[0.819s] INFO:colcon.colcon_core.shell:Creating environment hook '/home/ruben/ros/amp_rob_ws/src/uma_arm_control/install/uma_arm_control/share/uma_arm_control/hook/cmake_prefix_path.sh'
[0.820s] Level 1:colcon.colcon_core.environment:checking '/home/ruben/ros/amp_rob_ws/src/uma_arm_control/install/uma_arm_control/lib'
[0.820s] Level 1:colcon.colcon_core.environment:checking '/home/ruben/ros/amp_rob_ws/src/uma_arm_control/install/uma_arm_control/bin'
[0.821s] Level 1:colcon.colcon_core.environment:checking '/home/ruben/ros/amp_rob_ws/src/uma_arm_control/install/uma_arm_control/lib/pkgconfig/uma_arm_control.pc'
[0.821s] Level 1:colcon.colcon_core.environment:checking '/home/ruben/ros/amp_rob_ws/src/uma_arm_control/install/uma_arm_control/lib/python3.10/site-packages'
[0.821s] Level 1:colcon.colcon_core.environment:checking '/home/ruben/ros/amp_rob_ws/src/uma_arm_control/install/uma_arm_control/bin'
[0.822s] INFO:colcon.colcon_core.shell:Creating package script '/home/ruben/ros/amp_rob_ws/src/uma_arm_control/install/uma_arm_control/share/uma_arm_control/package.ps1'
[0.823s] INFO:colcon.colcon_core.shell:Creating package descriptor '/home/ruben/ros/amp_rob_ws/src/uma_arm_control/install/uma_arm_control/share/uma_arm_control/package.dsv'
[0.824s] INFO:colcon.colcon_core.shell:Creating package script '/home/ruben/ros/amp_rob_ws/src/uma_arm_control/install/uma_arm_control/share/uma_arm_control/package.sh'
[0.824s] INFO:colcon.colcon_core.shell:Creating package script '/home/ruben/ros/amp_rob_ws/src/uma_arm_control/install/uma_arm_control/share/uma_arm_control/package.bash'
[0.825s] INFO:colcon.colcon_core.shell:Creating package script '/home/ruben/ros/amp_rob_ws/src/uma_arm_control/install/uma_arm_control/share/uma_arm_control/package.zsh'
[0.826s] Level 1:colcon.colcon_core.environment:create_file_with_runtime_dependencies(/home/ruben/ros/amp_rob_ws/src/uma_arm_control/install/uma_arm_control/share/colcon-core/packages/uma_arm_control)
[0.827s] Level 1:colcon.colcon_core.environment:create_environment_scripts_only(uma_arm_control)
[0.827s] Level 1:colcon.colcon_core.environment:checking '/home/ruben/ros/amp_rob_ws/src/uma_arm_control/install/uma_arm_control' for CMake module files
[0.828s] Level 1:colcon.colcon_core.environment:checking '/home/ruben/ros/amp_rob_ws/src/uma_arm_control/install/uma_arm_control' for CMake config files
[0.828s] Level 1:colcon.colcon_core.shell:create_environment_hook('uma_arm_control', 'cmake_prefix_path')
[0.829s] INFO:colcon.colcon_core.shell:Creating environment hook '/home/ruben/ros/amp_rob_ws/src/uma_arm_control/install/uma_arm_control/share/uma_arm_control/hook/cmake_prefix_path.ps1'
[0.830s] INFO:colcon.colcon_core.shell:Creating environment descriptor '/home/ruben/ros/amp_rob_ws/src/uma_arm_control/install/uma_arm_control/share/uma_arm_control/hook/cmake_prefix_path.dsv'
[0.831s] INFO:colcon.colcon_core.shell:Creating environment hook '/home/ruben/ros/amp_rob_ws/src/uma_arm_control/install/uma_arm_control/share/uma_arm_control/hook/cmake_prefix_path.sh'
[0.832s] Level 1:colcon.colcon_core.environment:checking '/home/ruben/ros/amp_rob_ws/src/uma_arm_control/install/uma_arm_control/lib'
[0.832s] Level 1:colcon.colcon_core.environment:checking '/home/ruben/ros/amp_rob_ws/src/uma_arm_control/install/uma_arm_control/bin'
[0.832s] Level 1:colcon.colcon_core.environment:checking '/home/ruben/ros/amp_rob_ws/src/uma_arm_control/install/uma_arm_control/lib/pkgconfig/uma_arm_control.pc'
[0.833s] Level 1:colcon.colcon_core.environment:checking '/home/ruben/ros/amp_rob_ws/src/uma_arm_control/install/uma_arm_control/lib/python3.10/site-packages'
[0.834s] Level 1:colcon.colcon_core.environment:checking '/home/ruben/ros/amp_rob_ws/src/uma_arm_control/install/uma_arm_control/bin'
[0.835s] INFO:colcon.colcon_core.shell:Creating package script '/home/ruben/ros/amp_rob_ws/src/uma_arm_control/install/uma_arm_control/share/uma_arm_control/package.ps1'
[0.841s] INFO:colcon.colcon_core.shell:Creating package descriptor '/home/ruben/ros/amp_rob_ws/src/uma_arm_control/install/uma_arm_control/share/uma_arm_control/package.dsv'
[0.845s] INFO:colcon.colcon_core.shell:Creating package script '/home/ruben/ros/amp_rob_ws/src/uma_arm_control/install/uma_arm_control/share/uma_arm_control/package.sh'
[0.848s] INFO:colcon.colcon_core.shell:Creating package script '/home/ruben/ros/amp_rob_ws/src/uma_arm_control/install/uma_arm_control/share/uma_arm_control/package.bash'
[0.850s] INFO:colcon.colcon_core.shell:Creating package script '/home/ruben/ros/amp_rob_ws/src/uma_arm_control/install/uma_arm_control/share/uma_arm_control/package.zsh'
[0.851s] Level 1:colcon.colcon_core.environment:create_file_with_runtime_dependencies(/home/ruben/ros/amp_rob_ws/src/uma_arm_control/install/uma_arm_control/share/colcon-core/packages/uma_arm_control)
[0.852s] DEBUG:colcon.colcon_parallel_executor.executor.parallel:closing loop
[0.853s] DEBUG:colcon.colcon_parallel_executor.executor.parallel:loop closed
[0.854s] DEBUG:colcon.colcon_parallel_executor.executor.parallel:run_until_complete finished with '0'
[0.855s] DEBUG:colcon.colcon_core.event_reactor:joining thread
[0.924s] INFO:colcon.colcon_core.plugin_system:Skipping extension 'colcon_notification.desktop_notification.notify_send': Could not find 'notify-send'
[0.925s] INFO:colcon.colcon_core.plugin_system:Skipping extension 'colcon_notification.desktop_notification.terminal_notifier': Not used on non-Darwin systems
[0.925s] INFO:colcon.colcon_core.plugin_system:Skipping extension 'colcon_notification.desktop_notification.win32': Not used on non-Windows systems
[0.925s] INFO:colcon.colcon_notification.desktop_notification:Sending desktop notification using 'notify2'
[0.928s] DEBUG:colcon.colcon_notification.desktop_notification.notify2:Failed to initialize notify2: org.freedesktop.DBus.Error.ServiceUnknown: The name org.freedesktop.Notifications was not provided by any .service files
[0.928s] DEBUG:colcon.colcon_core.event_reactor:joined thread
[0.929s] INFO:colcon.colcon_core.shell:Creating prefix script '/home/ruben/ros/amp_rob_ws/src/uma_arm_control/install/local_setup.ps1'
[0.932s] INFO:colcon.colcon_core.shell:Creating prefix util module '/home/ruben/ros/amp_rob_ws/src/uma_arm_control/install/_local_setup_util_ps1.py'
[0.934s] INFO:colcon.colcon_core.shell:Creating prefix chain script '/home/ruben/ros/amp_rob_ws/src/uma_arm_control/install/setup.ps1'
[0.937s] INFO:colcon.colcon_core.shell:Creating prefix script '/home/ruben/ros/amp_rob_ws/src/uma_arm_control/install/local_setup.sh'
[0.938s] INFO:colcon.colcon_core.shell:Creating prefix util module '/home/ruben/ros/amp_rob_ws/src/uma_arm_control/install/_local_setup_util_sh.py'
[0.939s] INFO:colcon.colcon_core.shell:Creating prefix chain script '/home/ruben/ros/amp_rob_ws/src/uma_arm_control/install/setup.sh'
[0.940s] INFO:colcon.colcon_core.shell:Creating prefix script '/home/ruben/ros/amp_rob_ws/src/uma_arm_control/install/local_setup.bash'
[0.941s] INFO:colcon.colcon_core.shell:Creating prefix chain script '/home/ruben/ros/amp_rob_ws/src/uma_arm_control/install/setup.bash'
[0.942s] INFO:colcon.colcon_core.shell:Creating prefix script '/home/ruben/ros/amp_rob_ws/src/uma_arm_control/install/local_setup.zsh'
[0.944s] INFO:colcon.colcon_core.shell:Creating prefix chain script '/home/ruben/ros/amp_rob_ws/src/uma_arm_control/install/setup.zsh'
