[0.034s] Invoking command in '/home/ruben/ros/amp_rob_ws/src/uma_arm_control/build/uma_arm_control': CMAKE_PREFIX_PATH=${CMAKE_PREFIX_PATH}:/opt/ros/humble /usr/bin/cmake /home/ruben/ros/amp_rob_ws/src/uma_arm_control -DAMENT_CMAKE_SYMLINK_INSTALL=1 -DCMAKE_INSTALL_PREFIX=/home/ruben/ros/amp_rob_ws/src/uma_arm_control/install/uma_arm_control
[0.376s] -- The C compiler identification is GNU 11.4.0
[0.996s] -- The CXX compiler identification is GNU 11.4.0
[1.374s] -- Detecting C compiler ABI info
[1.612s] -- Detecting C compiler ABI info - done
[1.620s] -- Check for working C compiler: /usr/bin/cc - skipped
[1.621s] -- Detecting C compile features
[1.622s] -- Detecting C compile features - done
[1.629s] -- Detecting CXX compiler ABI info
[1.881s] -- Detecting CXX compiler ABI info - done
[1.893s] -- Check for working CXX compiler: /usr/bin/c++ - skipped
[1.893s] -- Detecting CXX compile features
[1.894s] -- Detecting CXX compile features - done
[1.922s] -- Found ament_cmake: 1.3.14 (/opt/ros/humble/share/ament_cmake/cmake)
[2.167s] -- Found Python3: /usr/bin/python3 (found version "3.10.12") found components: Interpreter 
[2.270s] -- Override CMake install command with custom implementation using symlinks instead of copying resources
[2.358s] -- Found rclcpp: 16.0.19 (/opt/ros/humble/share/rclcpp/cmake)
[2.626s] -- Found rosidl_generator_c: 3.1.8 (/opt/ros/humble/share/rosidl_generator_c/cmake)
[2.639s] -- Found rosidl_adapter: 3.1.8 (/opt/ros/humble/share/rosidl_adapter/cmake)
[2.661s] -- Found rosidl_generator_cpp: 3.1.8 (/opt/ros/humble/share/rosidl_generator_cpp/cmake)
[2.717s] -- Using all available rosidl_typesupport_c: rosidl_typesupport_fastrtps_c;rosidl_typesupport_introspection_c
[2.757s] -- Using all available rosidl_typesupport_cpp: rosidl_typesupport_fastrtps_cpp;rosidl_typesupport_introspection_cpp
[2.854s] -- Found rmw_implementation_cmake: 6.1.2 (/opt/ros/humble/share/rmw_implementation_cmake/cmake)
[2.861s] -- Found rmw_cyclonedds_cpp: 1.3.4 (/opt/ros/humble/share/rmw_cyclonedds_cpp/cmake)
[2.914s] -- Using RMW implementation 'rmw_cyclonedds_cpp' as default
[2.936s] -- Looking for pthread.h
[3.191s] -- Looking for pthread.h - found
[3.191s] -- Performing Test CMAKE_HAVE_LIBC_PTHREAD
[3.413s] -- Performing Test CMAKE_HAVE_LIBC_PTHREAD - Success
[3.414s] -- Found Threads: TRUE  
[3.513s] -- Found geometry_msgs: 4.9.1 (/opt/ros/humble/share/geometry_msgs/cmake)
[3.541s] -- Found sensor_msgs: 4.9.1 (/opt/ros/humble/share/sensor_msgs/cmake)
[3.602s] -- Found ament_lint_auto: 0.12.15 (/opt/ros/humble/share/ament_lint_auto/cmake)
[3.809s] -- Added test 'cppcheck' to perform static code analysis on C / C++ code
[3.810s] -- Configured cppcheck include dirs: 
[3.810s] -- Configured cppcheck exclude dirs and/or files: 
[3.814s] -- Added test 'flake8' to check Python code syntax and style conventions
[3.821s] -- Added test 'lint_cmake' to check CMake code style
[3.825s] -- Added test 'pep257' to check Python code against some of the docstring style conventions in PEP 257
[3.844s] -- Added test 'uncrustify' to check C / C++ code style
[3.844s] -- Configured uncrustify additional arguments: 
[3.849s] -- Added test 'xmllint' to check XML markup files
[3.853s] -- Configuring done
[3.880s] -- Generating done
[3.891s] -- Build files have been written to: /home/ruben/ros/amp_rob_ws/src/uma_arm_control/build/uma_arm_control
[3.905s] Invoked command in '/home/ruben/ros/amp_rob_ws/src/uma_arm_control/build/uma_arm_control' returned '0': CMAKE_PREFIX_PATH=${CMAKE_PREFIX_PATH}:/opt/ros/humble /usr/bin/cmake /home/ruben/ros/amp_rob_ws/src/uma_arm_control -DAMENT_CMAKE_SYMLINK_INSTALL=1 -DCMAKE_INSTALL_PREFIX=/home/ruben/ros/amp_rob_ws/src/uma_arm_control/install/uma_arm_control
[3.909s] Invoking command in '/home/ruben/ros/amp_rob_ws/src/uma_arm_control/build/uma_arm_control': CMAKE_PREFIX_PATH=${CMAKE_PREFIX_PATH}:/opt/ros/humble /usr/bin/cmake --build /home/ruben/ros/amp_rob_ws/src/uma_arm_control/build/uma_arm_control -- -j12 -l12
[3.992s] [ 50%] [32mBuilding CXX object CMakeFiles/uma_arm_dynamics.dir/src/uma_arm_dynamics.cpp.o[0m
[23.355s] [100%] [32m[1mLinking CXX executable uma_arm_dynamics[0m
[24.703s] [100%] Built target uma_arm_dynamics
[24.723s] Invoked command in '/home/ruben/ros/amp_rob_ws/src/uma_arm_control/build/uma_arm_control' returned '0': CMAKE_PREFIX_PATH=${CMAKE_PREFIX_PATH}:/opt/ros/humble /usr/bin/cmake --build /home/ruben/ros/amp_rob_ws/src/uma_arm_control/build/uma_arm_control -- -j12 -l12
[24.740s] Invoking command in '/home/ruben/ros/amp_rob_ws/src/uma_arm_control/build/uma_arm_control': CMAKE_PREFIX_PATH=${CMAKE_PREFIX_PATH}:/opt/ros/humble /usr/bin/cmake --install /home/ruben/ros/amp_rob_ws/src/uma_arm_control/build/uma_arm_control
[24.749s] -- Install configuration: ""
[24.750s] -- Execute custom install script
[24.753s] -- Symlinking: /home/ruben/ros/amp_rob_ws/src/uma_arm_control/install/uma_arm_control/lib/uma_arm_control/uma_arm_dynamics
[24.769s] -- Symlinking: /home/ruben/ros/amp_rob_ws/src/uma_arm_control/install/uma_arm_control/share/uma_arm_control//launch/uma_arm_dynamics_launch.py
[24.783s] -- Symlinking: /home/ruben/ros/amp_rob_ws/src/uma_arm_control/install/uma_arm_control/share/uma_arm_control//config/dynamics_params.yaml
[24.797s] -- Symlinking: /home/ruben/ros/amp_rob_ws/src/uma_arm_control/install/uma_arm_control/share/uma_arm_control//config/impedance_params.yaml
[24.813s] -- Symlinking: /home/ruben/ros/amp_rob_ws/src/uma_arm_control/install/uma_arm_control/share/ament_index/resource_index/package_run_dependencies/uma_arm_control
[24.828s] -- Symlinking: /home/ruben/ros/amp_rob_ws/src/uma_arm_control/install/uma_arm_control/share/ament_index/resource_index/parent_prefix_path/uma_arm_control
[24.845s] -- Symlinking: /home/ruben/ros/amp_rob_ws/src/uma_arm_control/install/uma_arm_control/share/uma_arm_control/environment/ament_prefix_path.sh
[24.861s] -- Symlinking: /home/ruben/ros/amp_rob_ws/src/uma_arm_control/install/uma_arm_control/share/uma_arm_control/environment/ament_prefix_path.dsv
[24.876s] -- Symlinking: /home/ruben/ros/amp_rob_ws/src/uma_arm_control/install/uma_arm_control/share/uma_arm_control/environment/path.sh
[24.890s] -- Symlinking: /home/ruben/ros/amp_rob_ws/src/uma_arm_control/install/uma_arm_control/share/uma_arm_control/environment/path.dsv
[24.906s] -- Symlinking: /home/ruben/ros/amp_rob_ws/src/uma_arm_control/install/uma_arm_control/share/uma_arm_control/local_setup.bash
[24.922s] -- Symlinking: /home/ruben/ros/amp_rob_ws/src/uma_arm_control/install/uma_arm_control/share/uma_arm_control/local_setup.sh
[24.937s] -- Symlinking: /home/ruben/ros/amp_rob_ws/src/uma_arm_control/install/uma_arm_control/share/uma_arm_control/local_setup.zsh
[24.951s] -- Symlinking: /home/ruben/ros/amp_rob_ws/src/uma_arm_control/install/uma_arm_control/share/uma_arm_control/local_setup.dsv
[24.966s] -- Symlinking: /home/ruben/ros/amp_rob_ws/src/uma_arm_control/install/uma_arm_control/share/uma_arm_control/package.dsv
[24.986s] -- Symlinking: /home/ruben/ros/amp_rob_ws/src/uma_arm_control/install/uma_arm_control/share/ament_index/resource_index/packages/uma_arm_control
[25.007s] -- Symlinking: /home/ruben/ros/amp_rob_ws/src/uma_arm_control/install/uma_arm_control/share/uma_arm_control/cmake/uma_arm_controlConfig.cmake
[25.023s] -- Symlinking: /home/ruben/ros/amp_rob_ws/src/uma_arm_control/install/uma_arm_control/share/uma_arm_control/cmake/uma_arm_controlConfig-version.cmake
[25.042s] -- Symlinking: /home/ruben/ros/amp_rob_ws/src/uma_arm_control/install/uma_arm_control/share/uma_arm_control/package.xml
[25.065s] Invoked command in '/home/ruben/ros/amp_rob_ws/src/uma_arm_control/build/uma_arm_control' returned '0': CMAKE_PREFIX_PATH=${CMAKE_PREFIX_PATH}:/opt/ros/humble /usr/bin/cmake --install /home/ruben/ros/amp_rob_ws/src/uma_arm_control/build/uma_arm_control
